C51 COMPILER V9.54   KEY                                                                   07/31/2017 16:52:09 PAGE 1   


C51 COMPILER V9.54, COMPILATION OF MODULE KEY
OBJECT MODULE PLACED IN key.OBJ
COMPILER INVOKED BY: D:\Keil_v5\C51\BIN\C51.EXE key.c OPTIMIZE(0,SPEED) BROWSE DEBUG OBJECTEXTEND TABS(2)

line level    source

   1          #include "reg51.h"
   2          extern char W_OR_R;
   3          extern char Get_Date[4];
   4          extern void BEEP();
   5          extern void delayus(unsigned int n);


MODULE INFORMATION:   STATIC OVERLAYABLE
   CODE SIZE        =   ----    ----
   CONSTANT SIZE    =   ----    ----
   XDATA SIZE       =   ----    ----
   PDATA SIZE       =   ----    ----
   DATA SIZE        =   ----    ----
   IDATA SIZE       =   ----    ----
   BIT SIZE         =   ----    ----
END OF MODULE INFORMATION.


C51 COMPILATION COMPLETE.  0 WARNING(S),  0 ERROR(S)
